MovieViewer/app/build/outputs/logs/manifest-merger-debug-report.txt
-- Merging decision tree log ---
manifest
ADDED from AndroidManifest.xml:2:1
	package
		ADDED from AndroidManifest.xml:3:5
		INJECTED from AndroidManifest.xml:0:0
		INJECTED from AndroidManifest.xml:0:0
	android:versionName
		ADDED from AndroidManifest.xml:5:5
	android:versionCode
		ADDED from AndroidManifest.xml:4:5
		INJECTED from AndroidManifest.xml:0:0
		INJECTED from AndroidManifest.xml:0:0
	xmlns:android
		ADDED from AndroidManifest.xml:2:11
uses-sdk
ADDED from AndroidManifest.xml:7:5
MERGED from com.android.support:support-v4:25.1.0:21:5
MERGED from com.android.support:support-compat:25.1.0:21:5
MERGED from com.android.support:support-media-compat:25.1.0:21:5
MERGED from com.android.support:support-compat:25.1.0:21:5
MERGED from com.android.support:support-core-utils:25.1.0:21:5
MERGED from com.android.support:support-compat:25.1.0:21:5
MERGED from com.android.support:support-core-ui:25.1.0:21:5
MERGED from com.android.support:support-compat:25.1.0:21:5
MERGED from com.android.support:support-fragment:25.1.0:21:5
MERGED from com.android.support:support-compat:25.1.0:21:5
MERGED from com.android.support:support-media-compat:25.1.0:21:5
MERGED from com.android.support:support-compat:25.1.0:21:5
MERGED from com.android.support:support-core-ui:25.1.0:21:5
MERGED from com.android.support:support-compat:25.1.0:21:5
MERGED from com.android.support:support-core-utils:25.1.0:21:5
MERGED from com.android.support:support-compat:25.1.0:21:5
	tools:overrideLibrary
		ADDED from com.android.support:support-v4:25.1.0:23:9
	android:targetSdkVersion
		ADDED from AndroidManifest.xml:9:9
		INJECTED from AndroidManifest.xml:0:0
		INJECTED from AndroidManifest.xml:0:0
	android:minSdkVersion
		ADDED from AndroidManifest.xml:8:9
		INJECTED from AndroidManifest.xml:0:0
		INJECTED from AndroidManifest.xml:0:0
uses-permission#android.permission.INTERNET
ADDED from AndroidManifest.xml:11:5
	android:name
		ADDED from AndroidManifest.xml:11:22
uses-permission#android.permission.WRITE_EXTERNAL_STORAGE
ADDED from AndroidManifest.xml:12:5
	android:name
		ADDED from AndroidManifest.xml:12:22
uses-permission#android.permission.ACCESS_WIFI_STATE
ADDED from AndroidManifest.xml:13:5
	android:name
		ADDED from AndroidManifest.xml:13:22
uses-permission#android.permission.ACCESS_NETWORK_STATE
ADDED from AndroidManifest.xml:14:5
	android:name
		ADDED from AndroidManifest.xml:14:22
application
ADDED from AndroidManifest.xml:16:5
MERGED from com.android.support:support-v4:25.1.0:25:5
MERGED from com.android.support:support-compat:25.1.0:25:5
MERGED from com.android.support:support-media-compat:25.1.0:25:5
MERGED from com.android.support:support-compat:25.1.0:25:5
MERGED from com.android.support:support-core-utils:25.1.0:25:5
MERGED from com.android.support:support-compat:25.1.0:25:5
MERGED from com.android.support:support-core-ui:25.1.0:25:5
MERGED from com.android.support:support-compat:25.1.0:25:5
MERGED from com.android.support:support-fragment:25.1.0:25:5
MERGED from com.android.support:support-compat:25.1.0:25:5
MERGED from com.android.support:support-media-compat:25.1.0:25:5
MERGED from com.android.support:support-compat:25.1.0:25:5
MERGED from com.android.support:support-core-ui:25.1.0:25:5
MERGED from com.android.support:support-compat:25.1.0:25:5
MERGED from com.android.support:support-core-utils:25.1.0:25:5
MERGED from com.android.support:support-compat:25.1.0:25:5
	android:label
		ADDED from AndroidManifest.xml:20:9
	android:allowBackup
		ADDED from AndroidManifest.xml:18:9
	android:icon
		ADDED from AndroidManifest.xml:19:9
	android:theme
		ADDED from AndroidManifest.xml:21:9
	android:name
		ADDED from AndroidManifest.xml:17:9
activity#com.movieviewer.MovieMainActivity
ADDED from AndroidManifest.xml:22:9
	android:label
		ADDED from AndroidManifest.xml:24:13
	android:name
		ADDED from AndroidManifest.xml:23:13
intent-filter#android.intent.action.MAIN+android.intent.category.LAUNCHER
ADDED from AndroidManifest.xml:25:13
action#android.intent.action.MAIN
ADDED from AndroidManifest.xml:26:17
	android:name
		ADDED from AndroidManifest.xml:26:25
category#android.intent.category.LAUNCHER
ADDED from AndroidManifest.xml:28:17
	android:name
		ADDED from AndroidManifest.xml:28:27
activity#com.movieviewer.MovieItemDetailActivity
ADDED from AndroidManifest.xml:31:9
	android:label
		ADDED from AndroidManifest.xml:33:13
	android:parentActivityName
		ADDED from AndroidManifest.xml:34:13
	android:name
		ADDED from AndroidManifest.xml:32:13
meta-data#android.support.PARENT_ACTIVITY
ADDED from AndroidManifest.xml:35:13
	android:value
		ADDED from AndroidManifest.xml:37:17
	android:name
		ADDED from AndroidManifest.xml:36:17